<?xml version="1.0" encoding="UTF-8"?>
<!-- Generated by org.testng.reporters.JUnitReportReporter -->
<testsuite hostname="HBPTester" failures="0" tests="1" name="div.ya.PendingFilesCheckerTest" time="9.526" errors="0" timestamp="2025-03-03T16:28:41 IST" skipped="0">
  <testcase classname="div.ya.PendingFilesCheckerTest" name="testFiles" time="9.526"/>
  <system-out/>
</testsuite> <!-- div.ya.PendingFilesCheckerTest -->
