<?xml version="1.0" encoding="UTF-8"?>
<!-- Generated by org.testng.reporters.JUnitReportReporter -->
<testsuite hostname="HBPTester" failures="0" tests="1" name="div.ya.AppTest" time="0.003" errors="0" timestamp="2025-03-03T15:45:09 IST" skipped="0">
  <testcase classname="div.ya.AppTest" name="shouldAnswerWithTrue" time="0.003"/>
  <system-out/>
</testsuite> <!-- div.ya.AppTest -->
